---------------------------------------------------------------
[ 2018-08-07T16:58:09+08:00 ] 127.0.0.1 GET /api/
[ info ] shengshi.com/api/ [运行时间：0.082005s][吞吐率：12.19req/s] [内存消耗：2,207.67kb] [文件加载：57]
[ info ] [ CACHE ] INIT File
[ info ] [ DB ] INIT mysql
[ info ] [ BEHAVIOR ] Run cmf\behavior\InitHookBehavior @app_init [ RunTime:0.033002s ]
[ info ] [ LANG ] D:\wyh\ld\shengshi\simplewind\thinkphp\lang\zh-cn.php
[ info ] [ ROUTE ] array (
  'type' => 'module',
  'module' => 
  array (
    0 => '',
    1 => NULL,
    2 => NULL,
  ),
)
[ info ] [ HEADER ] array (
  'cookie' => 'admin_username=admin; thinkphp_show_page_trace=0|0; PHPSESSID=e1m5fpf4h5pkcsn4qnko9t18i4',
  'accept-language' => 'zh-CN,zh;q=0.9',
  'accept-encoding' => 'gzip, deflate',
  'accept' => 'text/html,application/xhtml+xml,application/xml;q=0.9,image/webp,image/apng,*/*;q=0.8',
  'user-agent' => 'Mozilla/5.0 (Windows NT 6.1; WOW64) AppleWebKit/537.36 (KHTML, like Gecko) Chrome/68.0.3440.84 Safari/537.36',
  'upgrade-insecure-requests' => '1',
  'connection' => 'close',
  'host' => 'shengshi.com',
)
[ info ] [ PARAM ] array (
)
[ info ] [ LANG ] D:\wyh\ld\shengshi\public\api/../../simplewind/cmf/lang\zh-cn.php
[ info ] [ BEHAVIOR ] Run cmf\behavior\LangBehavior @app_begin [ RunTime:0.004000s ]
[ info ] [ RUN ] api\home\controller\IndexController->index[ D:\wyh\ld\shengshi\api\home\controller\IndexController.php ]
[ info ] [ LOG ] INIT File
[ sql ] [ DB ] CONNECT:[ UseTime:0.002001s ] mysql:host=127.0.0.1;port=3306;dbname=shenghe;charset=utf8mb4
[ sql ] [ SQL ] SHOW COLUMNS FROM `ld_hook_plugin` [ RunTime:0.009000s ]
[ sql ] [ SQL ] SELECT `hook`,`plugin` FROM `ld_hook_plugin` WHERE  `status` = 1 ORDER BY `list_order` ASC [ RunTime:0.001000s ]
---------------------------------------------------------------
[ 2018-08-07T16:59:18+08:00 ] 127.0.0.1 GET /api/list/recommended
[ info ] shengshi.com/api/list/recommended [运行时间：0.057003s][吞吐率：17.54req/s] [内存消耗：1,593.06kb] [文件加载：53]
[ info ] [ CACHE ] INIT File
[ info ] [ BEHAVIOR ] Run cmf\behavior\InitHookBehavior @app_init [ RunTime:0.005000s ]
[ info ] [ LANG ] D:\wyh\ld\shengshi\simplewind\thinkphp\lang\zh-cn.php
[ info ] [ ROUTE ] array (
  'type' => 'module',
  'module' => 
  array (
    0 => 'list',
    1 => 'recommended',
    2 => NULL,
  ),
)
[ info ] [ HEADER ] array (
  'cookie' => 'admin_username=admin; thinkphp_show_page_trace=0|0; PHPSESSID=e1m5fpf4h5pkcsn4qnko9t18i4',
  'accept-language' => 'zh-CN,zh;q=0.9',
  'accept-encoding' => 'gzip, deflate',
  'accept' => 'text/html,application/xhtml+xml,application/xml;q=0.9,image/webp,image/apng,*/*;q=0.8',
  'user-agent' => 'Mozilla/5.0 (Windows NT 6.1; WOW64) AppleWebKit/537.36 (KHTML, like Gecko) Chrome/68.0.3440.84 Safari/537.36',
  'upgrade-insecure-requests' => '1',
  'connection' => 'close',
  'host' => 'shengshi.com',
)
[ info ] [ PARAM ] array (
)
[ info ] [ LANG ] D:\wyh\ld\shengshi\public\api/../../simplewind/cmf/lang\zh-cn.php
[ info ] [ BEHAVIOR ] Run cmf\behavior\LangBehavior @app_begin [ RunTime:0.002000s ]
[ info ] [ LOG ] INIT File
---------------------------------------------------------------
[ 2018-08-07T16:59:37+08:00 ] 127.0.0.1 GET /api/lists/recommended
[ info ] shengshi.com/api/lists/recommended [运行时间：0.047003s][吞吐率：21.28req/s] [内存消耗：1,593.06kb] [文件加载：53]
[ info ] [ CACHE ] INIT File
[ info ] [ BEHAVIOR ] Run cmf\behavior\InitHookBehavior @app_init [ RunTime:0.003000s ]
[ info ] [ LANG ] D:\wyh\ld\shengshi\simplewind\thinkphp\lang\zh-cn.php
[ info ] [ ROUTE ] array (
  'type' => 'module',
  'module' => 
  array (
    0 => 'lists',
    1 => 'recommended',
    2 => NULL,
  ),
)
[ info ] [ HEADER ] array (
  'cookie' => 'admin_username=admin; thinkphp_show_page_trace=0|0; PHPSESSID=e1m5fpf4h5pkcsn4qnko9t18i4',
  'accept-language' => 'zh-CN,zh;q=0.9',
  'accept-encoding' => 'gzip, deflate',
  'accept' => 'text/html,application/xhtml+xml,application/xml;q=0.9,image/webp,image/apng,*/*;q=0.8',
  'user-agent' => 'Mozilla/5.0 (Windows NT 6.1; WOW64) AppleWebKit/537.36 (KHTML, like Gecko) Chrome/68.0.3440.84 Safari/537.36',
  'upgrade-insecure-requests' => '1',
  'connection' => 'close',
  'host' => 'shengshi.com',
)
[ info ] [ PARAM ] array (
)
[ info ] [ LANG ] D:\wyh\ld\shengshi\public\api/../../simplewind/cmf/lang\zh-cn.php
[ info ] [ BEHAVIOR ] Run cmf\behavior\LangBehavior @app_begin [ RunTime:0.002000s ]
[ info ] [ LOG ] INIT File
---------------------------------------------------------------
[ 2018-08-07T16:59:55+08:00 ] 127.0.0.1 GET /api/portal/list
[ info ] shengshi.com/api/portal/list [运行时间：0.051003s][吞吐率：19.61req/s] [内存消耗：1,596.83kb] [文件加载：54]
[ info ] [ CACHE ] INIT File
[ info ] [ BEHAVIOR ] Run cmf\behavior\InitHookBehavior @app_init [ RunTime:0.003000s ]
[ info ] [ LANG ] D:\wyh\ld\shengshi\simplewind\thinkphp\lang\zh-cn.php
[ info ] [ ROUTE ] array (
  'type' => 'module',
  'module' => 
  array (
    0 => 'portal',
    1 => 'list',
    2 => NULL,
  ),
)
[ info ] [ HEADER ] array (
  'cookie' => 'admin_username=admin; thinkphp_show_page_trace=0|0; PHPSESSID=e1m5fpf4h5pkcsn4qnko9t18i4',
  'accept-language' => 'zh-CN,zh;q=0.9',
  'accept-encoding' => 'gzip, deflate',
  'accept' => 'text/html,application/xhtml+xml,application/xml;q=0.9,image/webp,image/apng,*/*;q=0.8',
  'user-agent' => 'Mozilla/5.0 (Windows NT 6.1; WOW64) AppleWebKit/537.36 (KHTML, like Gecko) Chrome/68.0.3440.84 Safari/537.36',
  'upgrade-insecure-requests' => '1',
  'connection' => 'close',
  'host' => 'shengshi.com',
)
[ info ] [ PARAM ] array (
)
[ info ] [ LANG ] D:\wyh\ld\shengshi\public\api/../../simplewind/cmf/lang\zh-cn.php
[ info ] [ BEHAVIOR ] Run cmf\behavior\LangBehavior @app_begin [ RunTime:0.002000s ]
[ info ] [ LOG ] INIT File
---------------------------------------------------------------
[ 2018-08-07T17:00:00+08:00 ] 127.0.0.1 GET /api/portal/lists
[ info ] shengshi.com/api/portal/lists [运行时间：0.049003s][吞吐率：20.41req/s] [内存消耗：1,621.73kb] [文件加载：55]
[ info ] [ CACHE ] INIT File
[ info ] [ BEHAVIOR ] Run cmf\behavior\InitHookBehavior @app_init [ RunTime:0.003001s ]
[ info ] [ LANG ] D:\wyh\ld\shengshi\simplewind\thinkphp\lang\zh-cn.php
[ info ] [ ROUTE ] array (
  'type' => 'module',
  'module' => 
  array (
    0 => 'portal',
    1 => 'lists',
    2 => NULL,
  ),
)
[ info ] [ HEADER ] array (
  'cookie' => 'thinkphp_show_page_trace=0|0; admin_username=admin; thinkphp_show_page_trace=0|0; PHPSESSID=e1m5fpf4h5pkcsn4qnko9t18i4',
  'accept-language' => 'zh-CN,zh;q=0.9',
  'accept-encoding' => 'gzip, deflate',
  'accept' => 'text/html,application/xhtml+xml,application/xml;q=0.9,image/webp,image/apng,*/*;q=0.8',
  'user-agent' => 'Mozilla/5.0 (Windows NT 6.1; WOW64) AppleWebKit/537.36 (KHTML, like Gecko) Chrome/68.0.3440.84 Safari/537.36',
  'upgrade-insecure-requests' => '1',
  'connection' => 'close',
  'host' => 'shengshi.com',
)
[ info ] [ PARAM ] array (
)
[ info ] [ LANG ] D:\wyh\ld\shengshi\public\api/../../simplewind/cmf/lang\zh-cn.php
[ info ] [ BEHAVIOR ] Run cmf\behavior\LangBehavior @app_begin [ RunTime:0.004000s ]
[ info ] [ LOG ] INIT File
---------------------------------------------------------------
[ 2018-08-07T17:00:09+08:00 ] 127.0.0.1 GET /api/portal/lists/recommended
[ info ] shengshi.com/api/portal/lists/recommended [运行时间：0.090005s][吞吐率：11.11req/s] [内存消耗：3,140.74kb] [文件加载：70]
[ info ] [ CACHE ] INIT File
[ info ] [ BEHAVIOR ] Run cmf\behavior\InitHookBehavior @app_init [ RunTime:0.003000s ]
[ info ] [ LANG ] D:\wyh\ld\shengshi\simplewind\thinkphp\lang\zh-cn.php
[ info ] [ ROUTE ] array (
  'type' => 'module',
  'module' => 
  array (
    0 => 'portal',
    1 => 'lists',
    2 => 'recommended',
  ),
)
[ info ] [ HEADER ] array (
  'cookie' => 'thinkphp_show_page_trace=0|0; admin_username=admin; thinkphp_show_page_trace=0|0; PHPSESSID=e1m5fpf4h5pkcsn4qnko9t18i4',
  'accept-language' => 'zh-CN,zh;q=0.9',
  'accept-encoding' => 'gzip, deflate',
  'accept' => 'text/html,application/xhtml+xml,application/xml;q=0.9,image/webp,image/apng,*/*;q=0.8',
  'user-agent' => 'Mozilla/5.0 (Windows NT 6.1; WOW64) AppleWebKit/537.36 (KHTML, like Gecko) Chrome/68.0.3440.84 Safari/537.36',
  'upgrade-insecure-requests' => '1',
  'connection' => 'close',
  'host' => 'shengshi.com',
)
[ info ] [ PARAM ] array (
)
[ info ] [ LANG ] D:\wyh\ld\shengshi\public\api/../../simplewind/cmf/lang\zh-cn.php
[ info ] [ BEHAVIOR ] Run cmf\behavior\LangBehavior @app_begin [ RunTime:0.002000s ]
[ info ] [ RUN ] api\portal\controller\ListsController->recommended[ D:\wyh\ld\shengshi\api\portal\controller\ListsController.php ]
[ info ] [ DB ] INIT mysql
[ info ] [ LOG ] INIT File
[ sql ] [ DB ] CONNECT:[ UseTime:0.001000s ] mysql:host=127.0.0.1;port=3306;dbname=shenghe;charset=utf8mb4
[ sql ] [ SQL ] SHOW COLUMNS FROM `ld_portal_post` [ RunTime:0.007001s ]
[ sql ] [ SQL ] SELECT * FROM `ld_portal_post` WHERE  ( `delete_time` = 0 AND `delete_time` = 0 AND `delete_time` = 0 )  AND ( `post_status` = 1 AND `post_status` = 1 AND `post_status` = 1 )  AND ( `published_time` BETWEEN 1 AND 1533632409 AND `published_time` BETWEEN 1 AND 1533632409 AND `published_time` BETWEEN 1 AND 1533632409 )  AND `recommended` = 1 LIMIT 10 [ RunTime:0.002000s ]
[ sql ] [ SQL ] SHOW COLUMNS FROM `ld_option` [ RunTime:0.004000s ]
[ sql ] [ SQL ] SELECT `option_value` FROM `ld_option` WHERE  `option_name` = 'storage' LIMIT 1 [ RunTime:0.000000s ]
---------------------------------------------------------------
[ 2018-08-07T17:01:01+08:00 ] 127.0.0.1 GET /api/portal/lists/recommended/id/1
[ info ] shengshi.com/api/portal/lists/recommended/id/1 [运行时间：0.093005s][吞吐率：10.75req/s] [内存消耗：3,133.30kb] [文件加载：69]
[ info ] [ CACHE ] INIT File
[ info ] [ BEHAVIOR ] Run cmf\behavior\InitHookBehavior @app_init [ RunTime:0.005000s ]
[ info ] [ LANG ] D:\wyh\ld\shengshi\simplewind\thinkphp\lang\zh-cn.php
[ info ] [ ROUTE ] array (
  'type' => 'module',
  'module' => 
  array (
    0 => 'portal',
    1 => 'lists',
    2 => 'recommended',
  ),
)
[ info ] [ HEADER ] array (
  'cookie' => 'thinkphp_show_page_trace=0|0; admin_username=admin; thinkphp_show_page_trace=0|0; PHPSESSID=e1m5fpf4h5pkcsn4qnko9t18i4',
  'accept-language' => 'zh-CN,zh;q=0.9',
  'accept-encoding' => 'gzip, deflate',
  'accept' => 'text/html,application/xhtml+xml,application/xml;q=0.9,image/webp,image/apng,*/*;q=0.8',
  'user-agent' => 'Mozilla/5.0 (Windows NT 6.1; WOW64) AppleWebKit/537.36 (KHTML, like Gecko) Chrome/68.0.3440.84 Safari/537.36',
  'upgrade-insecure-requests' => '1',
  'connection' => 'close',
  'host' => 'shengshi.com',
)
[ info ] [ PARAM ] array (
  'id' => '1',
)
[ info ] [ LANG ] D:\wyh\ld\shengshi\public\api/../../simplewind/cmf/lang\zh-cn.php
[ info ] [ BEHAVIOR ] Run cmf\behavior\LangBehavior @app_begin [ RunTime:0.002000s ]
[ info ] [ RUN ] api\portal\controller\ListsController->recommended[ D:\wyh\ld\shengshi\api\portal\controller\ListsController.php ]
[ info ] [ DB ] INIT mysql
[ info ] [ LOG ] INIT File
[ sql ] [ DB ] CONNECT:[ UseTime:0.011000s ] mysql:host=127.0.0.1;port=3306;dbname=shenghe;charset=utf8mb4
[ sql ] [ SQL ] SHOW COLUMNS FROM `ld_portal_post` [ RunTime:0.007001s ]
[ sql ] [ SQL ] SELECT * FROM `ld_portal_post` WHERE  ( `delete_time` = 0 AND `delete_time` = 0 AND `delete_time` = 0 )  AND ( `post_status` = 1 AND `post_status` = 1 AND `post_status` = 1 )  AND ( `published_time` BETWEEN 1 AND 1533632461 AND `published_time` BETWEEN 1 AND 1533632461 AND `published_time` BETWEEN 1 AND 1533632461 )  AND `recommended` = 1  AND `id` = 1 LIMIT 1 [ RunTime:0.003000s ]
[ sql ] [ SQL ] SHOW COLUMNS FROM `ld_option` [ RunTime:0.004000s ]
[ sql ] [ SQL ] SELECT `option_value` FROM `ld_option` WHERE  `option_name` = 'storage' LIMIT 1 [ RunTime:0.000000s ]
---------------------------------------------------------------
[ 2018-08-07T17:01:08+08:00 ] 127.0.0.1 GET /api/portal/lists/recommended/id/10
[ info ] shengshi.com/api/portal/lists/recommended/id/10 [运行时间：0.064004s][吞吐率：15.62req/s] [内存消耗：2,522.91kb] [文件加载：60]
[ info ] [ CACHE ] INIT File
[ info ] [ BEHAVIOR ] Run cmf\behavior\InitHookBehavior @app_init [ RunTime:0.003000s ]
[ info ] [ LANG ] D:\wyh\ld\shengshi\simplewind\thinkphp\lang\zh-cn.php
[ info ] [ ROUTE ] array (
  'type' => 'module',
  'module' => 
  array (
    0 => 'portal',
    1 => 'lists',
    2 => 'recommended',
  ),
)
[ info ] [ HEADER ] array (
  'cookie' => 'thinkphp_show_page_trace=0|0; admin_username=admin; thinkphp_show_page_trace=0|0; PHPSESSID=e1m5fpf4h5pkcsn4qnko9t18i4',
  'accept-language' => 'zh-CN,zh;q=0.9',
  'accept-encoding' => 'gzip, deflate',
  'accept' => 'text/html,application/xhtml+xml,application/xml;q=0.9,image/webp,image/apng,*/*;q=0.8',
  'user-agent' => 'Mozilla/5.0 (Windows NT 6.1; WOW64) AppleWebKit/537.36 (KHTML, like Gecko) Chrome/68.0.3440.84 Safari/537.36',
  'upgrade-insecure-requests' => '1',
  'connection' => 'close',
  'host' => 'shengshi.com',
)
[ info ] [ PARAM ] array (
  'id' => '10',
)
[ info ] [ LANG ] D:\wyh\ld\shengshi\public\api/../../simplewind/cmf/lang\zh-cn.php
[ info ] [ BEHAVIOR ] Run cmf\behavior\LangBehavior @app_begin [ RunTime:0.002000s ]
[ info ] [ RUN ] api\portal\controller\ListsController->recommended[ D:\wyh\ld\shengshi\api\portal\controller\ListsController.php ]
[ info ] [ DB ] INIT mysql
[ info ] [ LOG ] INIT File
[ sql ] [ DB ] CONNECT:[ UseTime:0.001000s ] mysql:host=127.0.0.1;port=3306;dbname=shenghe;charset=utf8mb4
[ sql ] [ SQL ] SHOW COLUMNS FROM `ld_portal_post` [ RunTime:0.008000s ]
[ sql ] [ SQL ] SELECT * FROM `ld_portal_post` WHERE  ( `delete_time` = 0 AND `delete_time` = 0 AND `delete_time` = 0 )  AND ( `post_status` = 1 AND `post_status` = 1 AND `post_status` = 1 )  AND ( `published_time` BETWEEN 1 AND 1533632468 AND `published_time` BETWEEN 1 AND 1533632468 AND `published_time` BETWEEN 1 AND 1533632468 )  AND `recommended` = 1  AND `id` = 10 LIMIT 1 [ RunTime:0.001000s ]
---------------------------------------------------------------
[ 2018-08-07T17:01:38+08:00 ] 127.0.0.1 GET /api/portal/lists/getCategoryPostLists/id/10
[ info ] shengshi.com/api/portal/lists/getCategoryPostLists/id/10 [运行时间：0.061003s][吞吐率：16.39req/s] [内存消耗：2,462.54kb] [文件加载：60]
[ info ] [ CACHE ] INIT File
[ info ] [ BEHAVIOR ] Run cmf\behavior\InitHookBehavior @app_init [ RunTime:0.003000s ]
[ info ] [ LANG ] D:\wyh\ld\shengshi\simplewind\thinkphp\lang\zh-cn.php
[ info ] [ ROUTE ] array (
  'type' => 'module',
  'module' => 
  array (
    0 => 'portal',
    1 => 'lists',
    2 => 'getCategoryPostLists',
  ),
)
[ info ] [ HEADER ] array (
  'cookie' => 'thinkphp_show_page_trace=0|0; admin_username=admin; thinkphp_show_page_trace=0|0; PHPSESSID=e1m5fpf4h5pkcsn4qnko9t18i4',
  'accept-language' => 'zh-CN,zh;q=0.9',
  'accept-encoding' => 'gzip, deflate',
  'accept' => 'text/html,application/xhtml+xml,application/xml;q=0.9,image/webp,image/apng,*/*;q=0.8',
  'user-agent' => 'Mozilla/5.0 (Windows NT 6.1; WOW64) AppleWebKit/537.36 (KHTML, like Gecko) Chrome/68.0.3440.84 Safari/537.36',
  'upgrade-insecure-requests' => '1',
  'connection' => 'close',
  'host' => 'shengshi.com',
)
[ info ] [ PARAM ] array (
  'id' => '10',
)
[ info ] [ LANG ] D:\wyh\ld\shengshi\public\api/../../simplewind/cmf/lang\zh-cn.php
[ info ] [ BEHAVIOR ] Run cmf\behavior\LangBehavior @app_begin [ RunTime:0.003000s ]
[ info ] [ RUN ] api\portal\controller\ListsController->getCategoryPostLists[ D:\wyh\ld\shengshi\api\portal\controller\ListsController.php ]
[ info ] [ DB ] INIT mysql
[ info ] [ LOG ] INIT File
[ sql ] [ DB ] CONNECT:[ UseTime:0.011001s ] mysql:host=127.0.0.1;port=3306;dbname=shenghe;charset=utf8mb4
[ sql ] [ SQL ] SHOW COLUMNS FROM `ld_portal_category` [ RunTime:0.006000s ]
[ sql ] [ SQL ] SELECT * FROM `ld_portal_category` `portal_category` WHERE  `delete_time` = 0  AND `portal_category`.`status` = 1  AND `id` = 0 LIMIT 1 [ RunTime:0.001000s ]
---------------------------------------------------------------
[ 2018-08-07T17:02:03+08:00 ] 127.0.0.1 GET /api/portal/lists/getCategoryPostLists/id/3
[ info ] shengshi.com/api/portal/lists/getCategoryPostLists/id/3 [运行时间：0.066004s][吞吐率：15.15req/s] [内存消耗：2,462.54kb] [文件加载：60]
[ info ] [ CACHE ] INIT File
[ info ] [ BEHAVIOR ] Run cmf\behavior\InitHookBehavior @app_init [ RunTime:0.003000s ]
[ info ] [ LANG ] D:\wyh\ld\shengshi\simplewind\thinkphp\lang\zh-cn.php
[ info ] [ ROUTE ] array (
  'type' => 'module',
  'module' => 
  array (
    0 => 'portal',
    1 => 'lists',
    2 => 'getCategoryPostLists',
  ),
)
[ info ] [ HEADER ] array (
  'cookie' => 'thinkphp_show_page_trace=0|0; admin_username=admin; thinkphp_show_page_trace=0|0; PHPSESSID=e1m5fpf4h5pkcsn4qnko9t18i4',
  'accept-language' => 'zh-CN,zh;q=0.9',
  'accept-encoding' => 'gzip, deflate',
  'accept' => 'text/html,application/xhtml+xml,application/xml;q=0.9,image/webp,image/apng,*/*;q=0.8',
  'user-agent' => 'Mozilla/5.0 (Windows NT 6.1; WOW64) AppleWebKit/537.36 (KHTML, like Gecko) Chrome/68.0.3440.84 Safari/537.36',
  'upgrade-insecure-requests' => '1',
  'connection' => 'close',
  'host' => 'shengshi.com',
)
[ info ] [ PARAM ] array (
  'id' => '3',
)
[ info ] [ LANG ] D:\wyh\ld\shengshi\public\api/../../simplewind/cmf/lang\zh-cn.php
[ info ] [ BEHAVIOR ] Run cmf\behavior\LangBehavior @app_begin [ RunTime:0.003000s ]
[ info ] [ RUN ] api\portal\controller\ListsController->getCategoryPostLists[ D:\wyh\ld\shengshi\api\portal\controller\ListsController.php ]
[ info ] [ DB ] INIT mysql
[ info ] [ LOG ] INIT File
[ sql ] [ DB ] CONNECT:[ UseTime:0.010000s ] mysql:host=127.0.0.1;port=3306;dbname=shenghe;charset=utf8mb4
[ sql ] [ SQL ] SHOW COLUMNS FROM `ld_portal_category` [ RunTime:0.006001s ]
[ sql ] [ SQL ] SELECT * FROM `ld_portal_category` `portal_category` WHERE  `delete_time` = 0  AND `portal_category`.`status` = 1  AND `id` = 0 LIMIT 1 [ RunTime:0.001000s ]
---------------------------------------------------------------
[ 2018-08-07T17:02:19+08:00 ] 127.0.0.1 GET /api/portal/lists/getCategoryPostLists/3
[ info ] shengshi.com/api/portal/lists/getCategoryPostLists/3 [运行时间：0.070004s][吞吐率：14.28req/s] [内存消耗：2,462.04kb] [文件加载：60]
[ info ] [ CACHE ] INIT File
[ info ] [ BEHAVIOR ] Run cmf\behavior\InitHookBehavior @app_init [ RunTime:0.004000s ]
[ info ] [ LANG ] D:\wyh\ld\shengshi\simplewind\thinkphp\lang\zh-cn.php
[ info ] [ ROUTE ] array (
  'type' => 'module',
  'module' => 
  array (
    0 => 'portal',
    1 => 'lists',
    2 => 'getCategoryPostLists',
  ),
)
[ info ] [ HEADER ] array (
  'cookie' => 'thinkphp_show_page_trace=0|0; admin_username=admin; thinkphp_show_page_trace=0|0; PHPSESSID=e1m5fpf4h5pkcsn4qnko9t18i4',
  'accept-language' => 'zh-CN,zh;q=0.9',
  'accept-encoding' => 'gzip, deflate',
  'accept' => 'text/html,application/xhtml+xml,application/xml;q=0.9,image/webp,image/apng,*/*;q=0.8',
  'user-agent' => 'Mozilla/5.0 (Windows NT 6.1; WOW64) AppleWebKit/537.36 (KHTML, like Gecko) Chrome/68.0.3440.84 Safari/537.36',
  'upgrade-insecure-requests' => '1',
  'connection' => 'close',
  'host' => 'shengshi.com',
)
[ info ] [ PARAM ] array (
)
[ info ] [ LANG ] D:\wyh\ld\shengshi\public\api/../../simplewind/cmf/lang\zh-cn.php
[ info ] [ BEHAVIOR ] Run cmf\behavior\LangBehavior @app_begin [ RunTime:0.002000s ]
[ info ] [ RUN ] api\portal\controller\ListsController->getCategoryPostLists[ D:\wyh\ld\shengshi\api\portal\controller\ListsController.php ]
[ info ] [ DB ] INIT mysql
[ info ] [ LOG ] INIT File
[ sql ] [ DB ] CONNECT:[ UseTime:0.010000s ] mysql:host=127.0.0.1;port=3306;dbname=shenghe;charset=utf8mb4
[ sql ] [ SQL ] SHOW COLUMNS FROM `ld_portal_category` [ RunTime:0.006000s ]
[ sql ] [ SQL ] SELECT * FROM `ld_portal_category` `portal_category` WHERE  `delete_time` = 0  AND `portal_category`.`status` = 1  AND `id` = 0 LIMIT 1 [ RunTime:0.001000s ]
---------------------------------------------------------------
[ 2018-08-07T17:02:54+08:00 ] 127.0.0.1 GET /api/portal/lists/getCategoryPostLists/3
[ info ] shengshi.com/api/portal/lists/getCategoryPostLists/3 [运行时间：0.064004s][吞吐率：15.62req/s] [内存消耗：2,462.32kb] [文件加载：60]
[ info ] [ CACHE ] INIT File
[ info ] [ BEHAVIOR ] Run cmf\behavior\InitHookBehavior @app_init [ RunTime:0.004000s ]
[ info ] [ LANG ] D:\wyh\ld\shengshi\simplewind\thinkphp\lang\zh-cn.php
[ info ] [ ROUTE ] array (
  'type' => 'module',
  'module' => 
  array (
    0 => 'portal',
    1 => 'lists',
    2 => 'getCategoryPostLists',
  ),
)
[ info ] [ HEADER ] array (
  'cookie' => 'thinkphp_show_page_trace=0|0; admin_username=admin; thinkphp_show_page_trace=0|0; PHPSESSID=e1m5fpf4h5pkcsn4qnko9t18i4',
  'accept-language' => 'zh-CN,zh;q=0.9',
  'accept-encoding' => 'gzip, deflate',
  'accept' => 'text/html,application/xhtml+xml,application/xml;q=0.9,image/webp,image/apng,*/*;q=0.8',
  'user-agent' => 'Mozilla/5.0 (Windows NT 6.1; WOW64) AppleWebKit/537.36 (KHTML, like Gecko) Chrome/68.0.3440.84 Safari/537.36',
  'upgrade-insecure-requests' => '1',
  'cache-control' => 'max-age=0',
  'connection' => 'close',
  'host' => 'shengshi.com',
)
[ info ] [ PARAM ] array (
)
[ info ] [ LANG ] D:\wyh\ld\shengshi\public\api/../../simplewind/cmf/lang\zh-cn.php
[ info ] [ BEHAVIOR ] Run cmf\behavior\LangBehavior @app_begin [ RunTime:0.004000s ]
[ info ] [ RUN ] api\portal\controller\ListsController->getCategoryPostLists[ D:\wyh\ld\shengshi\api\portal\controller\ListsController.php ]
[ info ] [ DB ] INIT mysql
[ info ] [ LOG ] INIT File
[ sql ] [ DB ] CONNECT:[ UseTime:0.001000s ] mysql:host=127.0.0.1;port=3306;dbname=shenghe;charset=utf8mb4
[ sql ] [ SQL ] SHOW COLUMNS FROM `ld_portal_category` [ RunTime:0.007000s ]
[ sql ] [ SQL ] SELECT * FROM `ld_portal_category` `portal_category` WHERE  `delete_time` = 0  AND `portal_category`.`status` = 1  AND `id` = 0 LIMIT 1 [ RunTime:0.002001s ]
---------------------------------------------------------------
[ 2018-08-07T17:03:16+08:00 ] 127.0.0.1 GET /api/portal/lists/getCategoryPostLists/category_id/3
[ info ] shengshi.com/api/portal/lists/getCategoryPostLists/category_id/3 [运行时间：0.100005s][吞吐率：10.00req/s] [内存消耗：3,227.41kb] [文件加载：74]
[ info ] [ CACHE ] INIT File
[ info ] [ BEHAVIOR ] Run cmf\behavior\InitHookBehavior @app_init [ RunTime:0.004000s ]
[ info ] [ LANG ] D:\wyh\ld\shengshi\simplewind\thinkphp\lang\zh-cn.php
[ info ] [ ROUTE ] array (
  'type' => 'module',
  'module' => 
  array (
    0 => 'portal',
    1 => 'lists',
    2 => 'getCategoryPostLists',
  ),
)
[ info ] [ HEADER ] array (
  'cookie' => 'thinkphp_show_page_trace=0|0; admin_username=admin; thinkphp_show_page_trace=0|0; PHPSESSID=e1m5fpf4h5pkcsn4qnko9t18i4',
  'accept-language' => 'zh-CN,zh;q=0.9',
  'accept-encoding' => 'gzip, deflate',
  'accept' => 'text/html,application/xhtml+xml,application/xml;q=0.9,image/webp,image/apng,*/*;q=0.8',
  'user-agent' => 'Mozilla/5.0 (Windows NT 6.1; WOW64) AppleWebKit/537.36 (KHTML, like Gecko) Chrome/68.0.3440.84 Safari/537.36',
  'upgrade-insecure-requests' => '1',
  'connection' => 'close',
  'host' => 'shengshi.com',
)
[ info ] [ PARAM ] array (
  'category_id' => '3',
)
[ info ] [ LANG ] D:\wyh\ld\shengshi\public\api/../../simplewind/cmf/lang\zh-cn.php
[ info ] [ BEHAVIOR ] Run cmf\behavior\LangBehavior @app_begin [ RunTime:0.004001s ]
[ info ] [ RUN ] api\portal\controller\ListsController->getCategoryPostLists[ D:\wyh\ld\shengshi\api\portal\controller\ListsController.php ]
[ info ] [ DB ] INIT mysql
[ info ] [ LOG ] INIT File
[ sql ] [ DB ] CONNECT:[ UseTime:0.001000s ] mysql:host=127.0.0.1;port=3306;dbname=shenghe;charset=utf8mb4
[ sql ] [ SQL ] SHOW COLUMNS FROM `ld_portal_category` [ RunTime:0.006001s ]
[ sql ] [ SQL ] SELECT * FROM `ld_portal_category` `portal_category` WHERE  `delete_time` = 0  AND `portal_category`.`status` = 1  AND `id` = 3 LIMIT 1 [ RunTime:0.000000s ]
[ sql ] [ SQL ] SHOW COLUMNS FROM `ld_portal_post` [ RunTime:0.006000s ]
[ sql ] [ SQL ] SHOW COLUMNS FROM `ld_portal_category_post` [ RunTime:0.006001s ]
[ sql ] [ SQL ] SELECT `post`.*,pivot.id AS pivot__id,pivot.post_id AS pivot__post_id,pivot.category_id AS pivot__category_id,pivot.list_order AS pivot__list_order,pivot.status AS pivot__status FROM `ld_portal_post` `post` INNER JOIN `ld_portal_category_post` `pivot` ON `pivot`.`post_id`=`post`.`id` WHERE  `delete_time` = 0  AND `post_status` = 1  AND `published_time` BETWEEN 1 AND 1533632596  AND `pivot`.`category_id` = 3 ORDER BY `post`.`published_time` DESC LIMIT 10 [ RunTime:0.004000s ]
[ sql ] [ SQL ] SHOW COLUMNS FROM `ld_option` [ RunTime:0.006000s ]
[ sql ] [ SQL ] SELECT `option_value` FROM `ld_option` WHERE  `option_name` = 'storage' LIMIT 1 [ RunTime:0.001000s ]
---------------------------------------------------------------
[ 2018-08-07T17:04:34+08:00 ] 127.0.0.1 GET /api/portal/articles/
[ info ] shengshi.com/api/portal/articles/ [运行时间：0.095005s][吞吐率：10.53req/s] [内存消耗：3,173.27kb] [文件加载：70]
[ info ] [ CACHE ] INIT File
[ info ] [ BEHAVIOR ] Run cmf\behavior\InitHookBehavior @app_init [ RunTime:0.003000s ]
[ info ] [ LANG ] D:\wyh\ld\shengshi\simplewind\thinkphp\lang\zh-cn.php
[ info ] [ ROUTE ] array (
  'type' => 'module',
  'module' => 
  array (
    0 => 'portal',
    1 => 'Articles',
    2 => 'index',
  ),
  'convert' => false,
)
[ info ] [ HEADER ] array (
  'cookie' => 'thinkphp_show_page_trace=0|0; admin_username=admin; thinkphp_show_page_trace=0|0; PHPSESSID=e1m5fpf4h5pkcsn4qnko9t18i4',
  'accept-language' => 'zh-CN,zh;q=0.9',
  'accept-encoding' => 'gzip, deflate',
  'accept' => 'text/html,application/xhtml+xml,application/xml;q=0.9,image/webp,image/apng,*/*;q=0.8',
  'user-agent' => 'Mozilla/5.0 (Windows NT 6.1; WOW64) AppleWebKit/537.36 (KHTML, like Gecko) Chrome/68.0.3440.84 Safari/537.36',
  'upgrade-insecure-requests' => '1',
  'connection' => 'close',
  'host' => 'shengshi.com',
)
[ info ] [ PARAM ] array (
)
[ info ] [ LANG ] D:\wyh\ld\shengshi\public\api/../../simplewind/cmf/lang\zh-cn.php
[ info ] [ BEHAVIOR ] Run cmf\behavior\LangBehavior @app_begin [ RunTime:0.002000s ]
[ info ] [ DB ] INIT mysql
[ info ] [ RUN ] api\portal\controller\ArticlesController->index[ D:\wyh\ld\shengshi\api\portal\controller\ArticlesController.php ]
[ info ] [ LOG ] INIT File
[ sql ] [ DB ] CONNECT:[ UseTime:0.012000s ] mysql:host=127.0.0.1;port=3306;dbname=shenghe;charset=utf8mb4
[ sql ] [ SQL ] SHOW COLUMNS FROM `ld_portal_post` [ RunTime:0.008001s ]
[ sql ] [ SQL ] SELECT * FROM `ld_portal_post` WHERE  ( `delete_time` = 0 AND `delete_time` = 0 AND `delete_time` = 0 )  AND ( `post_status` = 1 AND `post_status` = 1 AND `post_status` = 1 )  AND ( `published_time` BETWEEN 1 AND 1533632674 AND `published_time` BETWEEN 1 AND 1533632674 AND `published_time` BETWEEN 1 AND 1533632674 )  AND `post_type` = 1 LIMIT 10 [ RunTime:0.002000s ]
[ sql ] [ SQL ] SHOW COLUMNS FROM `ld_option` [ RunTime:0.006000s ]
[ sql ] [ SQL ] SELECT `option_value` FROM `ld_option` WHERE  `option_name` = 'storage' LIMIT 1 [ RunTime:0.001000s ]
---------------------------------------------------------------
[ 2018-08-07T17:06:41+08:00 ] 127.0.0.1 GET /api/portal/articles/id/3
[ info ] shengshi.com/api/portal/articles/id/3 [运行时间：0.066004s][吞吐率：15.15req/s] [内存消耗：2,511.70kb] [文件加载：63]
[ info ] [ CACHE ] INIT File
[ info ] [ BEHAVIOR ] Run cmf\behavior\InitHookBehavior @app_init [ RunTime:0.005000s ]
[ info ] [ LANG ] D:\wyh\ld\shengshi\simplewind\thinkphp\lang\zh-cn.php
[ info ] [ ROUTE ] array (
  'type' => 'module',
  'module' => 
  array (
    0 => 'portal',
    1 => 'articles',
    2 => 'id',
  ),
)
[ info ] [ HEADER ] array (
  'cookie' => 'thinkphp_show_page_trace=0|0; admin_username=admin; thinkphp_show_page_trace=0|0; PHPSESSID=e1m5fpf4h5pkcsn4qnko9t18i4',
  'accept-language' => 'zh-CN,zh;q=0.9',
  'accept-encoding' => 'gzip, deflate',
  'accept' => 'text/html,application/xhtml+xml,application/xml;q=0.9,image/webp,image/apng,*/*;q=0.8',
  'user-agent' => 'Mozilla/5.0 (Windows NT 6.1; WOW64) AppleWebKit/537.36 (KHTML, like Gecko) Chrome/68.0.3440.84 Safari/537.36',
  'upgrade-insecure-requests' => '1',
  'connection' => 'close',
  'host' => 'shengshi.com',
)
[ info ] [ PARAM ] array (
)
[ info ] [ LANG ] D:\wyh\ld\shengshi\public\api/../../simplewind/cmf/lang\zh-cn.php
[ info ] [ BEHAVIOR ] Run cmf\behavior\LangBehavior @app_begin [ RunTime:0.002000s ]
[ info ] [ DB ] INIT mysql
[ info ] [ LOG ] INIT File
---------------------------------------------------------------
[ 2018-08-07T17:06:52+08:00 ] 127.0.0.1 GET /api/portal/articles/index/id/3
[ info ] shengshi.com/api/portal/articles/index/id/3 [运行时间：0.049002s][吞吐率：20.41req/s] [内存消耗：1,578.82kb] [文件加载：51]
[ info ] [ CACHE ] INIT File
[ info ] [ BEHAVIOR ] Run cmf\behavior\InitHookBehavior @app_init [ RunTime:0.002000s ]
[ info ] [ LANG ] D:\wyh\ld\shengshi\simplewind\thinkphp\lang\zh-cn.php
[ info ] [ LOG ] INIT File
---------------------------------------------------------------
[ 2018-08-07T17:07:01+08:00 ] 127.0.0.1 GET /api/portal/articles/index/3
[ info ] shengshi.com/api/portal/articles/index/3 [运行时间：0.044003s][吞吐率：22.73req/s] [内存消耗：1,578.34kb] [文件加载：51]
[ info ] [ CACHE ] INIT File
[ info ] [ BEHAVIOR ] Run cmf\behavior\InitHookBehavior @app_init [ RunTime:0.003001s ]
[ info ] [ LANG ] D:\wyh\ld\shengshi\simplewind\thinkphp\lang\zh-cn.php
[ info ] [ LOG ] INIT File
---------------------------------------------------------------
[ 2018-08-07T17:07:07+08:00 ] 127.0.0.1 GET /api/portal/articles/index
[ info ] shengshi.com/api/portal/articles/index [运行时间：0.050003s][吞吐率：20.00req/s] [内存消耗：2,470.02kb] [文件加载：60]
[ info ] [ CACHE ] INIT File
[ info ] [ BEHAVIOR ] Run cmf\behavior\InitHookBehavior @app_init [ RunTime:0.004000s ]
[ info ] [ LANG ] D:\wyh\ld\shengshi\simplewind\thinkphp\lang\zh-cn.php
[ info ] [ ROUTE ] array (
  'type' => 'module',
  'module' => 
  array (
    0 => 'portal',
    1 => 'Articles',
    2 => 'read',
  ),
  'convert' => false,
)
[ info ] [ HEADER ] array (
  'cookie' => 'thinkphp_show_page_trace=0|0; thinkphp_show_page_trace=0|0; admin_username=admin; thinkphp_show_page_trace=0|0; PHPSESSID=e1m5fpf4h5pkcsn4qnko9t18i4',
  'accept-language' => 'zh-CN,zh;q=0.9',
  'accept-encoding' => 'gzip, deflate',
  'accept' => 'text/html,application/xhtml+xml,application/xml;q=0.9,image/webp,image/apng,*/*;q=0.8',
  'user-agent' => 'Mozilla/5.0 (Windows NT 6.1; WOW64) AppleWebKit/537.36 (KHTML, like Gecko) Chrome/68.0.3440.84 Safari/537.36',
  'upgrade-insecure-requests' => '1',
  'connection' => 'close',
  'host' => 'shengshi.com',
)
[ info ] [ PARAM ] array (
  'id' => 'index',
)
[ info ] [ LANG ] D:\wyh\ld\shengshi\public\api/../../simplewind/cmf/lang\zh-cn.php
[ info ] [ BEHAVIOR ] Run cmf\behavior\LangBehavior @app_begin [ RunTime:0.002001s ]
[ info ] [ DB ] INIT mysql
[ info ] [ RUN ] api\portal\controller\ArticlesController->read[ D:\wyh\ld\shengshi\api\portal\controller\ArticlesController.php ]
[ info ] [ LOG ] INIT File
---------------------------------------------------------------
[ 2018-08-07T17:07:24+08:00 ] 127.0.0.1 GET /api/portal/articles/index/
[ info ] shengshi.com/api/portal/articles/index/ [运行时间：0.054003s][吞吐率：18.52req/s] [内存消耗：2,470.02kb] [文件加载：60]
[ info ] [ CACHE ] INIT File
[ info ] [ BEHAVIOR ] Run cmf\behavior\InitHookBehavior @app_init [ RunTime:0.003000s ]
[ info ] [ LANG ] D:\wyh\ld\shengshi\simplewind\thinkphp\lang\zh-cn.php
[ info ] [ ROUTE ] array (
  'type' => 'module',
  'module' => 
  array (
    0 => 'portal',
    1 => 'Articles',
    2 => 'read',
  ),
  'convert' => false,
)
[ info ] [ HEADER ] array (
  'cookie' => 'thinkphp_show_page_trace=0|0; thinkphp_show_page_trace=0|0; admin_username=admin; thinkphp_show_page_trace=0|0; PHPSESSID=e1m5fpf4h5pkcsn4qnko9t18i4',
  'accept-language' => 'zh-CN,zh;q=0.9',
  'accept-encoding' => 'gzip, deflate',
  'accept' => 'text/html,application/xhtml+xml,application/xml;q=0.9,image/webp,image/apng,*/*;q=0.8',
  'user-agent' => 'Mozilla/5.0 (Windows NT 6.1; WOW64) AppleWebKit/537.36 (KHTML, like Gecko) Chrome/68.0.3440.84 Safari/537.36',
  'upgrade-insecure-requests' => '1',
  'connection' => 'close',
  'host' => 'shengshi.com',
)
[ info ] [ PARAM ] array (
  'id' => 'index',
)
[ info ] [ LANG ] D:\wyh\ld\shengshi\public\api/../../simplewind/cmf/lang\zh-cn.php
[ info ] [ BEHAVIOR ] Run cmf\behavior\LangBehavior @app_begin [ RunTime:0.002000s ]
[ info ] [ DB ] INIT mysql
[ info ] [ RUN ] api\portal\controller\ArticlesController->read[ D:\wyh\ld\shengshi\api\portal\controller\ArticlesController.php ]
[ info ] [ LOG ] INIT File
---------------------------------------------------------------
[ 2018-08-07T17:07:28+08:00 ] 127.0.0.1 GET /api/portal/articles/index/1
[ info ] shengshi.com/api/portal/articles/index/1 [运行时间：0.048002s][吞吐率：20.83req/s] [内存消耗：1,578.37kb] [文件加载：51]
[ info ] [ CACHE ] INIT File
[ info ] [ BEHAVIOR ] Run cmf\behavior\InitHookBehavior @app_init [ RunTime:0.003000s ]
[ info ] [ LANG ] D:\wyh\ld\shengshi\simplewind\thinkphp\lang\zh-cn.php
[ info ] [ LOG ] INIT File
---------------------------------------------------------------
[ 2018-08-07T17:07:34+08:00 ] 127.0.0.1 GET /api/portal/articles/index/id/3
[ info ] shengshi.com/api/portal/articles/index/id/3 [运行时间：0.050002s][吞吐率：20.00req/s] [内存消耗：1,578.88kb] [文件加载：51]
[ info ] [ CACHE ] INIT File
[ info ] [ BEHAVIOR ] Run cmf\behavior\InitHookBehavior @app_init [ RunTime:0.004000s ]
[ info ] [ LANG ] D:\wyh\ld\shengshi\simplewind\thinkphp\lang\zh-cn.php
[ info ] [ LOG ] INIT File
---------------------------------------------------------------
[ 2018-08-07T17:09:58+08:00 ] 127.0.0.1 GET /api/portal/articles/index/id/3
[ info ] shengshi.com/api/portal/articles/index/id/3 [运行时间：0.058003s][吞吐率：17.24req/s] [内存消耗：1,579.16kb] [文件加载：51]
[ info ] [ CACHE ] INIT File
[ info ] [ BEHAVIOR ] Run cmf\behavior\InitHookBehavior @app_init [ RunTime:0.004001s ]
[ info ] [ LANG ] D:\wyh\ld\shengshi\simplewind\thinkphp\lang\zh-cn.php
[ info ] [ LOG ] INIT File
